Arguments: 
  C:\Program Files\nodejs\node.exe C:\Program Files (x86)\Yarn\bin\yarn.js build

PATH: 
  C:\Windows\system32;C:\Windows;C:\Windows\System32\Wbem;C:\Windows\System32\WindowsPowerShell\v1.0\;C:\Program Files (x86)\NVIDIA Corporation\PhysX\Common;C:\WINDOWS\system32;C:\WINDOWS;C:\WINDOWS\System32\Wbem;C:\WINDOWS\System32\WindowsPowerShell\v1.0\;C:\WINDOWS\System32\OpenSSH\;C:\Program Files\NVIDIA Corporation\NVIDIA NvDLISR;C:\xampp\php;C:\ProgramData\ComposerSetup\bin;C:\WINDOWS\system32;C:\WINDOWS;C:\WINDOWS\System32\Wbem;C:\WINDOWS\System32\WindowsPowerShell\v1.0\;C:\WINDOWS\System32\OpenSSH\;C:\ProgramData\chocolatey\bin;C:\Program Files (x86)\Yarn\bin\;C:\Program Files\Git\cmd;C:\Program Files\PuTTY\;C:\Program Files (x86)\GitExtensions\;C:\Program Files\nodejs\;C:\Users\senio\AppData\Local\Microsoft\WindowsApps;;C:\Users\senio\AppData\Local\Programs\Microsoft VS Code\bin;C:\Users\senio\AppData\Roaming\Composer\vendor\bin;C:\Users\senio\AppData\Local\Yarn\bin;C:\Program Files\kdiff3;C:\Users\senio\AppData\Roaming\npm;C:\Program Files\heroku\bin

Yarn version: 
  1.21.1

Node version: 
  17.3.0

Platform: 
  win32 x64

Trace: 
  SyntaxError: C:\Users\senio\Desktop\prog2022\diploma\diploma\package.json: Unexpected token } in JSON at position 1974
      at JSON.parse (<anonymous>)
      at C:\Program Files (x86)\Yarn\lib\cli.js:1625:59
      at Generator.next (<anonymous>)
      at step (C:\Program Files (x86)\Yarn\lib\cli.js:310:30)
      at C:\Program Files (x86)\Yarn\lib\cli.js:321:13

npm manifest: 
  {
    "name": "frontend-blog",
    "version": "0.1.0",
    "private": true,
    "dependencies": {
      "-": "^0.0.1",
      "@emotion/react": "^11.7.1",
      "@emotion/styled": "^11.6.0",
      "@hookform/resolvers": "^2.8.5",
      "@mui/icons-material": "^5.2.5",
      "@mui/material": "^5.2.8",
      "@mui/styled-engine-sc": "^5.1.0",
      "@testing-library/jest-dom": "^5.16.1",
      "@testing-library/react": "^12.1.2",
      "@testing-library/user-event": "^13.5.0",
      "axios": "^0.24.0",
      "dayjs": "^1.10.7",
      "easymde": "^2.16.1",
      "moment": "^2.29.1",
      "node-sass": "^7.0.1",
      "react": "^17.0.2",
      "react-date-object": "^2.1.5",
      "react-dom": "^17.0.2",
      "react-hook-form": "^7.24.0",
      "react-markdown": "^8.0.0",
      "react-redux": "^7.2.6",
      "react-router-dom": "6",
      "react-scripts": "5.0.0",
      "react-simplemde-editor": "^5.0.2",
      "redux": "^4.1.2",
      "redux-devtools-extension": "^2.13.9",
      "redux-thunk": "^2.4.1",
      "reselect": "^4.1.5",
      "simplemde": "^1.11.2",
      "styled-components": "^5.3.3",
      "web-vitals": "^2.1.3",
      "yarn": "^1.22.17",
      "yup": "^0.32.11",
      "bcryptjs": "^2.4.3",
      "body-parser": "^1.19.1",
      "cors": "^2.8.5",
      "dotenv": "^10.0.0",
      "express": "^4.17.2",
      "express-fileupload": "^1.2.1",
      "joi": "^17.5.0",
      "jsonwebtoken": "^8.5.1",
      "mongoose": "^6.1.3",
      "morgan": "^1.10.0",
      "nodemon": "^2.0.15",
      "validator": "^13.7.0"
    },
    "scripts": {
      "start": "node index.js",
      "build": "react-scripts build",
      "test": "react-scripts test",
      "eject": "react-scripts eject"
    },
    "eslintConfig": {
      "extends": [
        "react-app",
        "react-app/jest"
      ]
    },
    "browserslist": {
      "production": [
        ">0.2%",
        "not dead",
        "not op_mini all"
      ],
      "development": [
        "last 1 chrome version",
        "last 1 firefox version",
        "last 1 safari version"
      ]
    },
    "optionalDependencies": {
      "fsevents": "2.1.2"
    },
  }

yarn manifest: 
  No manifest

Lockfile: 
  No lockfile
